<?xml version="1.0" encoding="UTF-8"?>
<!-- Generated by org.testng.reporters.JUnitXMLReporter -->
<testsuite hostname="DESKTOP-S2RK17E" ignored="1" name="Default test" tests="1" failures="0" timestamp="2022-06-14T19:53:03 CDT" time="2.076" errors="0">
  <testcase name="readOneProduct" time="2.047" classname="testCases.DeleteProduct"/>
  <testcase name="deleteAProduct" time="0.0" classname="testCases.DeleteProduct">
    <ignored/>
  </testcase> <!-- deleteAProduct -->
</testsuite> <!-- Default test -->
