<?xml version="1.0" encoding="UTF-8"?>
<testng-results skipped="0" failed="0" ignored="1" total="2" passed="1">
  <reporter-output>
  </reporter-output>
  <suite name="Default suite" duration-ms="2076" started-at="2022-06-14T19:53:01 CDT" finished-at="2022-06-14T19:53:03 CDT">
    <groups>
    </groups>
    <test name="Default test" duration-ms="2076" started-at="2022-06-14T19:53:01 CDT" finished-at="2022-06-14T19:53:03 CDT">
      <class name="testCases.DeleteProduct">
        <test-method status="PASS" signature="readOneProduct()[pri:2, instance:testCases.DeleteProduct@480bdb19]" name="readOneProduct" duration-ms="2047" started-at="2022-06-14T19:53:01 CDT" finished-at="2022-06-14T19:53:03 CDT">
          <reporter-output>
          </reporter-output>
        </test-method> <!-- readOneProduct -->
      </class> <!-- testCases.DeleteProduct -->
    </test> <!-- Default test -->
  </suite> <!-- Default suite -->
</testng-results>
